<?xml version="1.0" encoding="UTF-8"?>
<!-- Generated by org.testng.reporters.JUnitReportReporter -->
<testsuite hostname="DESKTOP-QG60H0V" failures="0" tests="2" name="practiceOnNeo.TestForNeostox" time="68.775" errors="0" timestamp="2022-12-03T11:57:16 IST" skipped="0">
  <testcase classname="practiceOnNeo.TestForNeostox" name="ValidatingUN" time="35.194"/>
  <system-out>
    <![CDATA[Getting actual UserNAme
Real Name isRushikesh Sadgir
Taking Screenshot
Reading UserName from property File
UserName are valid TC is passed
Test Case Success...]]>
  </system-out>
  <testcase classname="practiceOnNeo.TestForNeostox" name="checkingbal" time="33.581"/>
  <system-out>
    <![CDATA[Checking actual balance
actual balance isRs.5,00,000.00
Checking account balance
Test Case Success...]]>
  </system-out>
</testsuite> <!-- practiceOnNeo.TestForNeostox -->
