<?xml version="1.0" encoding="UTF-8"?>
<!-- Generated by org.testng.reporters.JUnitReportReporter -->
<testsuite hostname="DESKTOP-QG60H0V" failures="0" tests="1" name="fecebook.FeceBookTest" time="16.481" errors="0" timestamp="2022-12-06T11:04:34 IST" skipped="0">
  <testcase classname="fecebook.FeceBookTest" name="ValidatingUserName" time="16.481"/>
  <system-out>
    <![CDATA[Geting Actual name
Getting Actuaal name is Rushi Sadgir
Reading ExUn from property File
Validating actal and Ex userName
Test Case Success...]]>
  </system-out>
</testsuite> <!-- fecebook.FeceBookTest -->
